mini-app-change-background/build/intermediates/manifest_merge_blame_file/bigRelease/manifest-merger-blame-big-release-report.txt
1<?xml version="1.0" encoding="utf-8"?>
2<manifest xmlns:android="http://schemas.android.com/apk/res/android"
3    package="com.sami.abmmodeljdid"
4    android:versionCode="144012"
5    android:versionName="4.1.1" >
6
7    <uses-sdk
8        android:minSdkVersion="21"
9        android:targetSdkVersion="29" />
10
11    <uses-permission android:name="android.permission.INTERNET" />
11-->src\main\AndroidManifest.xml:4:5-67
11-->src\main\AndroidManifest.xml:4:22-64
12    <uses-permission android:name="android.permission.SET_WALLPAPER" />
12-->src\main\AndroidManifest.xml:5:5-72
12-->src\main\AndroidManifest.xml:5:22-69
13
14    <uses-feature android:name="android.software.live_wallpaper" />
14-->src\main\AndroidManifest.xml:7:5-68
14-->src\main\AndroidManifest.xml:7:19-65
15
16    <uses-permission android:name="android.permission.ACCESS_NETWORK_STATE" /> <!-- Android package visibility setting -->
16-->[com.google.android.gms:play-services-ads-lite:19.6.0] AndroidManifest.xml:24:5-79
16-->[com.google.android.gms:play-services-ads-lite:19.6.0] AndroidManifest.xml:24:22-76
17    <queries>
17-->[com.google.android.gms:play-services-ads-lite:19.6.0] AndroidManifest.xml:27:5-38:15
18
19        <!-- For browser content -->
20        <intent>
20-->[com.google.android.gms:play-services-ads-lite:19.6.0] AndroidManifest.xml:30:9-36:18
21            <action android:name="android.intent.action.VIEW" />
21-->[com.google.android.gms:play-services-ads-lite:19.6.0] AndroidManifest.xml:31:13-65
21-->[com.google.android.gms:play-services-ads-lite:19.6.0] AndroidManifest.xml:31:21-62
22
23            <category android:name="android.intent.category.BROWSABLE" />
23-->[com.google.android.gms:play-services-ads-lite:19.6.0] AndroidManifest.xml:33:13-74
23-->[com.google.android.gms:play-services-ads-lite:19.6.0] AndroidManifest.xml:33:23-71
24
25            <data android:scheme="https" />
25-->[com.google.android.gms:play-services-ads-lite:19.6.0] AndroidManifest.xml:35:13-44
25-->[com.google.android.gms:play-services-ads-lite:19.6.0] AndroidManifest.xml:35:19-41
26        </intent>
27        <!-- End of browser content -->
28    </queries>
29
30    <uses-permission android:name="android.permission.WAKE_LOCK" />
30-->[com.google.android.gms:play-services-measurement-sdk-api:17.5.0] AndroidManifest.xml:25:5-68
30-->[com.google.android.gms:play-services-measurement-sdk-api:17.5.0] AndroidManifest.xml:25:22-65
31    <uses-permission android:name="android.permission.RECEIVE_BOOT_COMPLETED" />
31-->[androidx.work:work-runtime:2.1.0] AndroidManifest.xml:27:5-81
31-->[androidx.work:work-runtime:2.1.0] AndroidManifest.xml:27:22-78
32
33    <application
33-->src\main\AndroidManifest.xml:9:5-40:19
34        android:allowBackup="false"
34-->src\main\AndroidManifest.xml:10:9-36
35        android:appComponentFactory="androidx.core.app.CoreComponentFactory"
35-->[androidx.core:core:1.3.1] AndroidManifest.xml:24:18-86
36        android:icon="@drawable/ic_launcher"
36-->src\main\AndroidManifest.xml:11:9-45
37        android:label="@string/app_name"
37-->src\main\AndroidManifest.xml:12:9-41
38        android:testOnly="true"
39        android:theme="@style/Theme" >
39-->src\main\AndroidManifest.xml:13:9-37
40        <meta-data
40-->src\big\AndroidManifest.xml:5:9-7:70
41            android:name="com.google.android.gms.ads.APPLICATION_ID"
41-->src\big\AndroidManifest.xml:6:13-69
42            android:value="ca-app-pub-6263632629106733~1082721207" />
42-->src\big\AndroidManifest.xml:7:13-67
43
44        <activity
44-->src\main\AndroidManifest.xml:16:9-24:20
45            android:name="com.sami.wallpapers.MainActivity"
45-->src\main\AndroidManifest.xml:17:13-41
46            android:label="@string/app_name"
46-->src\main\AndroidManifest.xml:18:13-45
47            android:screenOrientation="fullSensor" >
47-->src\main\AndroidManifest.xml:19:13-51
48            <intent-filter>
48-->src\main\AndroidManifest.xml:20:13-23:29
49                <action android:name="android.intent.action.MAIN" />
49-->src\main\AndroidManifest.xml:21:17-69
49-->src\main\AndroidManifest.xml:21:25-66
50
51                <category android:name="android.intent.category.LAUNCHER" />
51-->src\main\AndroidManifest.xml:22:17-77
51-->src\main\AndroidManifest.xml:22:27-74
52            </intent-filter>
53        </activity>
54        <activity android:name="com.sami.wallpapers.ViewWallpaperActivity" />
54-->src\main\AndroidManifest.xml:26:9-59
54-->src\main\AndroidManifest.xml:26:19-56
55
56        <service
56-->src\main\AndroidManifest.xml:28:9-39:19
57            android:name="com.sami.wallpapers.WallpaperAppService"
57-->src\main\AndroidManifest.xml:29:13-48
58            android:label="@string/app_name"
58-->src\main\AndroidManifest.xml:30:13-45
59            android:permission="android.permission.BIND_WALLPAPER" >
59-->src\main\AndroidManifest.xml:31:13-67
60            <intent-filter>
60-->src\main\AndroidManifest.xml:32:13-34:29
61                <action android:name="android.service.wallpaper.WallpaperService" />
61-->src\main\AndroidManifest.xml:33:17-85
61-->src\main\AndroidManifest.xml:33:25-82
62            </intent-filter>
63
64            <meta-data
64-->src\main\AndroidManifest.xml:36:13-38:53
65                android:name="android.service.wallpaper"
65-->src\main\AndroidManifest.xml:37:17-57
66                android:resource="@xml/wallpaper" />
66-->src\main\AndroidManifest.xml:38:17-50
67        </service> <!-- Include the AdActivity and InAppPurchaseActivity configChanges and themes. -->
68        <activity
68-->[com.google.android.gms:play-services-ads-lite:19.6.0] AndroidManifest.xml:43:9-47:64
69            android:name="com.google.android.gms.ads.AdActivity"
69-->[com.google.android.gms:play-services-ads-lite:19.6.0] AndroidManifest.xml:44:13-65
70            android:configChanges="keyboard|keyboardHidden|orientation|screenLayout|uiMode|screenSize|smallestScreenSize"
70-->[com.google.android.gms:play-services-ads-lite:19.6.0] AndroidManifest.xml:45:13-122
71            android:exported="false"
71-->[com.google.android.gms:play-services-ads-lite:19.6.0] AndroidManifest.xml:46:13-37
72            android:theme="@android:style/Theme.Translucent" />
72-->[com.google.android.gms:play-services-ads-lite:19.6.0] AndroidManifest.xml:47:13-61
73
74        <provider
74-->[com.google.android.gms:play-services-ads-lite:19.6.0] AndroidManifest.xml:49:9-53:39
75            android:name="com.google.android.gms.ads.MobileAdsInitProvider"
75-->[com.google.android.gms:play-services-ads-lite:19.6.0] AndroidManifest.xml:50:13-76
76            android:authorities="com.sami.abmmodeljdid.mobileadsinitprovider"
76-->[com.google.android.gms:play-services-ads-lite:19.6.0] AndroidManifest.xml:51:13-73
77            android:exported="false"
77-->[com.google.android.gms:play-services-ads-lite:19.6.0] AndroidManifest.xml:52:13-37
78            android:initOrder="100" />
78-->[com.google.android.gms:play-services-ads-lite:19.6.0] AndroidManifest.xml:53:13-36
79
80        <service
80-->[com.google.android.gms:play-services-ads-lite:19.6.0] AndroidManifest.xml:55:9-58:40
81            android:name="com.google.android.gms.ads.AdService"
81-->[com.google.android.gms:play-services-ads-lite:19.6.0] AndroidManifest.xml:56:13-64
82            android:enabled="true"
82-->[com.google.android.gms:play-services-ads-lite:19.6.0] AndroidManifest.xml:57:13-35
83            android:exported="false" />
83-->[com.google.android.gms:play-services-ads-lite:19.6.0] AndroidManifest.xml:58:13-37
84
85        <meta-data
85-->[com.google.android.gms:play-services-basement:17.3.0] AndroidManifest.xml:23:9-25:69
86            android:name="com.google.android.gms.version"
86-->[com.google.android.gms:play-services-basement:17.3.0] AndroidManifest.xml:24:13-58
87            android:value="@integer/google_play_services_version" />
87-->[com.google.android.gms:play-services-basement:17.3.0] AndroidManifest.xml:25:13-66
88
89        <provider
89-->[androidx.work:work-runtime:2.1.0] AndroidManifest.xml:30:9-36:35
90            android:name="androidx.work.impl.WorkManagerInitializer"
90-->[androidx.work:work-runtime:2.1.0] AndroidManifest.xml:31:13-69
91            android:authorities="com.sami.abmmodeljdid.workmanager-init"
91-->[androidx.work:work-runtime:2.1.0] AndroidManifest.xml:32:13-68
92            android:directBootAware="false"
92-->[androidx.work:work-runtime:2.1.0] AndroidManifest.xml:33:13-44
93            android:exported="false"
93-->[androidx.work:work-runtime:2.1.0] AndroidManifest.xml:34:13-37
94            android:multiprocess="true" />
94-->[androidx.work:work-runtime:2.1.0] AndroidManifest.xml:35:13-40
95
96        <service
96-->[androidx.work:work-runtime:2.1.0] AndroidManifest.xml:38:9-43:35
97            android:name="androidx.work.impl.background.systemalarm.SystemAlarmService"
97-->[androidx.work:work-runtime:2.1.0] AndroidManifest.xml:39:13-88
98            android:directBootAware="false"
98-->[androidx.work:work-runtime:2.1.0] AndroidManifest.xml:40:13-44
99            android:enabled="@bool/enable_system_alarm_service_default"
99-->[androidx.work:work-runtime:2.1.0] AndroidManifest.xml:41:13-72
100            android:exported="false" />
100-->[androidx.work:work-runtime:2.1.0] AndroidManifest.xml:42:13-37
101        <service
101-->[androidx.work:work-runtime:2.1.0] AndroidManifest.xml:44:9-50:35
102            android:name="androidx.work.impl.background.systemjob.SystemJobService"
102-->[androidx.work:work-runtime:2.1.0] AndroidManifest.xml:45:13-84
103            android:directBootAware="false"
103-->[androidx.work:work-runtime:2.1.0] AndroidManifest.xml:46:13-44
104            android:enabled="@bool/enable_system_job_service_default"
104-->[androidx.work:work-runtime:2.1.0] AndroidManifest.xml:47:13-70
105            android:exported="true"
105-->[androidx.work:work-runtime:2.1.0] AndroidManifest.xml:48:13-36
106            android:permission="android.permission.BIND_JOB_SERVICE" />
106-->[androidx.work:work-runtime:2.1.0] AndroidManifest.xml:49:13-69
107
108        <receiver
108-->[androidx.work:work-runtime:2.1.0] AndroidManifest.xml:52:9-57:35
109            android:name="androidx.work.impl.utils.ForceStopRunnable$BroadcastReceiver"
109-->[androidx.work:work-runtime:2.1.0] AndroidManifest.xml:53:13-88
110            android:directBootAware="false"
110-->[androidx.work:work-runtime:2.1.0] AndroidManifest.xml:54:13-44
111            android:enabled="true"
111-->[androidx.work:work-runtime:2.1.0] AndroidManifest.xml:55:13-35
112            android:exported="false" />
112-->[androidx.work:work-runtime:2.1.0] AndroidManifest.xml:56:13-37
113        <receiver
113-->[androidx.work:work-runtime:2.1.0] AndroidManifest.xml:58:9-68:20
114            android:name="androidx.work.impl.background.systemalarm.ConstraintProxy$BatteryChargingProxy"
114-->[androidx.work:work-runtime:2.1.0] AndroidManifest.xml:59:13-106
115            android:directBootAware="false"
115-->[androidx.work:work-runtime:2.1.0] AndroidManifest.xml:60:13-44
116            android:enabled="false"
116-->[androidx.work:work-runtime:2.1.0] AndroidManifest.xml:61:13-36
117            android:exported="false" >
117-->[androidx.work:work-runtime:2.1.0] AndroidManifest.xml:62:13-37
118            <intent-filter>
118-->[androidx.work:work-runtime:2.1.0] AndroidManifest.xml:64:13-67:29
119                <action android:name="android.intent.action.ACTION_POWER_CONNECTED" />
119-->[androidx.work:work-runtime:2.1.0] AndroidManifest.xml:65:17-87
119-->[androidx.work:work-runtime:2.1.0] AndroidManifest.xml:65:25-84
120                <action android:name="android.intent.action.ACTION_POWER_DISCONNECTED" />
120-->[androidx.work:work-runtime:2.1.0] AndroidManifest.xml:66:17-90
120-->[androidx.work:work-runtime:2.1.0] AndroidManifest.xml:66:25-87
121            </intent-filter>
122        </receiver>
123        <receiver
123-->[androidx.work:work-runtime:2.1.0] AndroidManifest.xml:69:9-79:20
124            android:name="androidx.work.impl.background.systemalarm.ConstraintProxy$BatteryNotLowProxy"
124-->[androidx.work:work-runtime:2.1.0] AndroidManifest.xml:70:13-104
125            android:directBootAware="false"
125-->[androidx.work:work-runtime:2.1.0] AndroidManifest.xml:71:13-44
126            android:enabled="false"
126-->[androidx.work:work-runtime:2.1.0] AndroidManifest.xml:72:13-36
127            android:exported="false" >
127-->[androidx.work:work-runtime:2.1.0] AndroidManifest.xml:73:13-37
128            <intent-filter>
128-->[androidx.work:work-runtime:2.1.0] AndroidManifest.xml:75:13-78:29
129                <action android:name="android.intent.action.BATTERY_OKAY" />
129-->[androidx.work:work-runtime:2.1.0] AndroidManifest.xml:76:17-77
129-->[androidx.work:work-runtime:2.1.0] AndroidManifest.xml:76:25-74
130                <action android:name="android.intent.action.BATTERY_LOW" />
130-->[androidx.work:work-runtime:2.1.0] AndroidManifest.xml:77:17-76
130-->[androidx.work:work-runtime:2.1.0] AndroidManifest.xml:77:25-73
131            </intent-filter>
132        </receiver>
133        <receiver
133-->[androidx.work:work-runtime:2.1.0] AndroidManifest.xml:80:9-90:20
134            android:name="androidx.work.impl.background.systemalarm.ConstraintProxy$StorageNotLowProxy"
134-->[androidx.work:work-runtime:2.1.0] AndroidManifest.xml:81:13-104
135            android:directBootAware="false"
135-->[androidx.work:work-runtime:2.1.0] AndroidManifest.xml:82:13-44
136            android:enabled="false"
136-->[androidx.work:work-runtime:2.1.0] AndroidManifest.xml:83:13-36
137            android:exported="false" >
137-->[androidx.work:work-runtime:2.1.0] AndroidManifest.xml:84:13-37
138            <intent-filter>
138-->[androidx.work:work-runtime:2.1.0] AndroidManifest.xml:86:13-89:29
139                <action android:name="android.intent.action.DEVICE_STORAGE_LOW" />
139-->[androidx.work:work-runtime:2.1.0] AndroidManifest.xml:87:17-83
139-->[androidx.work:work-runtime:2.1.0] AndroidManifest.xml:87:25-80
140                <action android:name="android.intent.action.DEVICE_STORAGE_OK" />
140-->[androidx.work:work-runtime:2.1.0] AndroidManifest.xml:88:17-82
140-->[androidx.work:work-runtime:2.1.0] AndroidManifest.xml:88:25-79
141            </intent-filter>
142        </receiver>
143        <receiver
143-->[androidx.work:work-runtime:2.1.0] AndroidManifest.xml:91:9-100:20
144            android:name="androidx.work.impl.background.systemalarm.ConstraintProxy$NetworkStateProxy"
144-->[androidx.work:work-runtime:2.1.0] AndroidManifest.xml:92:13-103
145            android:directBootAware="false"
145-->[androidx.work:work-runtime:2.1.0] AndroidManifest.xml:93:13-44
146            android:enabled="false"
146-->[androidx.work:work-runtime:2.1.0] AndroidManifest.xml:94:13-36
147            android:exported="false" >
147-->[androidx.work:work-runtime:2.1.0] AndroidManifest.xml:95:13-37
148            <intent-filter>
148-->[androidx.work:work-runtime:2.1.0] AndroidManifest.xml:97:13-99:29
149                <action android:name="android.net.conn.CONNECTIVITY_CHANGE" />
149-->[androidx.work:work-runtime:2.1.0] AndroidManifest.xml:98:17-79
149-->[androidx.work:work-runtime:2.1.0] AndroidManifest.xml:98:25-76
150            </intent-filter>
151        </receiver>
152        <receiver
152-->[androidx.work:work-runtime:2.1.0] AndroidManifest.xml:101:9-112:20
153            android:name="androidx.work.impl.background.systemalarm.RescheduleReceiver"
153-->[androidx.work:work-runtime:2.1.0] AndroidManifest.xml:102:13-88
154            android:directBootAware="false"
154-->[androidx.work:work-runtime:2.1.0] AndroidManifest.xml:103:13-44
155            android:enabled="false"
155-->[androidx.work:work-runtime:2.1.0] AndroidManifest.xml:104:13-36
156            android:exported="false" >
156-->[androidx.work:work-runtime:2.1.0] AndroidManifest.xml:105:13-37
157            <intent-filter>
157-->[androidx.work:work-runtime:2.1.0] AndroidManifest.xml:107:13-111:29
158                <action android:name="android.intent.action.BOOT_COMPLETED" />
158-->[androidx.work:work-runtime:2.1.0] AndroidManifest.xml:108:17-79
158-->[androidx.work:work-runtime:2.1.0] AndroidManifest.xml:108:25-76
159                <action android:name="android.intent.action.TIME_SET" />
159-->[androidx.work:work-runtime:2.1.0] AndroidManifest.xml:109:17-73
159-->[androidx.work:work-runtime:2.1.0] AndroidManifest.xml:109:25-70
160                <action android:name="android.intent.action.TIMEZONE_CHANGED" />
160-->[androidx.work:work-runtime:2.1.0] AndroidManifest.xml:110:17-81
160-->[androidx.work:work-runtime:2.1.0] AndroidManifest.xml:110:25-78
161            </intent-filter>
162        </receiver>
163        <receiver
163-->[androidx.work:work-runtime:2.1.0] AndroidManifest.xml:113:9-122:20
164            android:name="androidx.work.impl.background.systemalarm.ConstraintProxyUpdateReceiver"
164-->[androidx.work:work-runtime:2.1.0] AndroidManifest.xml:114:13-99
165            android:directBootAware="false"
165-->[androidx.work:work-runtime:2.1.0] AndroidManifest.xml:115:13-44
166            android:enabled="@bool/enable_system_alarm_service_default"
166-->[androidx.work:work-runtime:2.1.0] AndroidManifest.xml:116:13-72
167            android:exported="false" >
167-->[androidx.work:work-runtime:2.1.0] AndroidManifest.xml:117:13-37
168            <intent-filter>
168-->[androidx.work:work-runtime:2.1.0] AndroidManifest.xml:119:13-121:29
169                <action android:name="androidx.work.impl.background.systemalarm.UpdateProxies" />
169-->[androidx.work:work-runtime:2.1.0] AndroidManifest.xml:120:17-98
169-->[androidx.work:work-runtime:2.1.0] AndroidManifest.xml:120:25-95
170            </intent-filter>
171        </receiver>
172
173        <service
173-->[androidx.room:room-runtime:2.1.0] AndroidManifest.xml:25:9-27:40
174            android:name="androidx.room.MultiInstanceInvalidationService"
174-->[androidx.room:room-runtime:2.1.0] AndroidManifest.xml:26:13-74
175            android:exported="false" />
175-->[androidx.room:room-runtime:2.1.0] AndroidManifest.xml:27:13-37
176    </application>
177
178</manifest>